Сборка начата 10.11.2024 17:35:29.
Уровень детализации журнала: Normal.     1>Проект "X:\Лабораторные\1_курс\КПО\SE_Asm03\SE_Asm03\SE_Asm03.vcxproj" в узле 2 (целевые объекты Build).
     1>PrepareForBuild:
         Структурированный вывод включен. Форматирование диагностики компилятора будет отражать иерархию ошибок. Подробнее см. https://aka.ms/cpp/structured-output.
         Создание каталога "X:\Лабораторные\1_курс\КПО\SE_Asm03\x64\Debug\".
         Создание каталога "x64\Debug\SE_Asm03.tlog\".
       InitializeBuildStatus:
         Создание "x64\Debug\SE_Asm03.tlog\unsuccessfulbuild", так как было задано "AlwaysCreate".
         Обращение к "x64\Debug\SE_Asm03.tlog\unsuccessfulbuild".
       _MASM:
         Assembling asm03.asm...
         cmd.exe /C "C:\Users\evret\AppData\Local\Temp\tmp34a9fd903fb1415193ceb8d8d93cbb2c.cmd"
         ml64.exe /c /nologo /Zi /Fo"x64\Debug\asm03.obj" /Fl"x64\Debug\\" /W3 /errorReport:prompt  /Taasm03.asm
     1>asm03.asm(1): error A2008: syntax error : .
     1>asm03.asm(2): error A2008: syntax error : .
     1>asm03.asm(7): error A2008: syntax error : .
     1>asm03.asm(26): error A2008: syntax error : main
     1>asm03.asm(26): error A2088: END directive required at end of file
     1>C:\Program Files\Microsoft Visual Studio\2022\Community\MSBuild\Microsoft\VC\v170\BuildCustomizations\masm.targets(70,5): error MSB3721: выход из команды "ml64.exe /c /nologo /Zi /Fo"x64\Debug\asm03.obj" /Fl"x64\Debug\\" /W3 /errorReport:prompt  /Taasm03.asm" с кодом "1".
     1>Сборка проекта "X:\Лабораторные\1_курс\КПО\SE_Asm03\SE_Asm03\SE_Asm03.vcxproj" завершена (целевые объекты Build) с ошибкой.

Ошибка сборки.

       "X:\Лабораторные\1_курс\КПО\SE_Asm03\SE_Asm03\SE_Asm03.vcxproj" (целевой объект Build ) (1) ->
       (Целевой объект _MASM) -> 
         asm03.asm(1): error A2008: syntax error : .
         asm03.asm(2): error A2008: syntax error : .
         asm03.asm(7): error A2008: syntax error : .
         asm03.asm(26): error A2008: syntax error : main
         asm03.asm(26): error A2088: END directive required at end of file
         C:\Program Files\Microsoft Visual Studio\2022\Community\MSBuild\Microsoft\VC\v170\BuildCustomizations\masm.targets(70,5): error MSB3721: выход из команды "ml64.exe /c /nologo /Zi /Fo"x64\Debug\asm03.obj" /Fl"x64\Debug\\" /W3 /errorReport:prompt  /Taasm03.asm" с кодом "1".

    Предупреждений: 0
    Ошибок: 6

Прошло времени 00:00:00.45
