d:\3 семестр\se\17 лаба(2часть)\se_lab17\se_lab17\debug\vc143.pdb
d:\3 семестр\se\17 лаба(2часть)\se_lab17\se_lab17\debug\vc143.idb
d:\3 семестр\se\17 лаба(2часть)\se_lab17\se_lab17\debug\se_lab17.obj
d:\3 семестр\se\17 лаба(2часть)\se_lab17\se_lab17\debug\parm.obj
d:\3 семестр\se\17 лаба(2часть)\se_lab17\se_lab17\debug\out.obj
d:\3 семестр\se\17 лаба(2часть)\se_lab17\se_lab17\debug\lt.obj
d:\3 семестр\se\17 лаба(2часть)\se_lab17\se_lab17\debug\log.obj
d:\3 семестр\se\17 лаба(2часть)\se_lab17\se_lab17\debug\lexer.obj
d:\3 семестр\se\17 лаба(2часть)\se_lab17\se_lab17\debug\it.obj
d:\3 семестр\se\17 лаба(2часть)\se_lab17\se_lab17\debug\in.obj
d:\3 семестр\se\17 лаба(2часть)\se_lab17\se_lab17\debug\fst.obj
d:\3 семестр\se\17 лаба(2часть)\se_lab17\se_lab17\debug\error.obj
d:\3 семестр\se\17 лаба(2часть)\se_lab17\debug\se_lab17.exe
d:\3 семестр\se\17 лаба(2часть)\se_lab17\se_lab17\debug\se_lab17.ilk
d:\3 семестр\se\17 лаба(2часть)\se_lab17\debug\se_lab17.pdb
d:\3 семестр\se\17 лаба(2часть)\se_lab17\se_lab17\debug\se_lab17.tlog\cl.command.1.tlog
d:\3 семестр\se\17 лаба(2часть)\se_lab17\se_lab17\debug\se_lab17.tlog\cl.items.tlog
d:\3 семестр\se\17 лаба(2часть)\se_lab17\se_lab17\debug\se_lab17.tlog\cl.read.1.tlog
d:\3 семестр\se\17 лаба(2часть)\se_lab17\se_lab17\debug\se_lab17.tlog\cl.write.1.tlog
d:\3 семестр\se\17 лаба(2часть)\se_lab17\se_lab17\debug\se_lab17.tlog\link.command.1.tlog
d:\3 семестр\se\17 лаба(2часть)\se_lab17\se_lab17\debug\se_lab17.tlog\link.read.1.tlog
d:\3 семестр\se\17 лаба(2часть)\se_lab17\se_lab17\debug\se_lab17.tlog\link.write.1.tlog
