Сборка начата 30.09.2023 12:07:37.
Уровень детализации журнала: Normal.     1>Проект "D:\3 семестр\SE\17 лаба\SELab17\SELab17\SELab17.vcxproj" в узле 2 (целевые объекты Build).
     1>InitializeBuildStatus:
         Обращение к "x64\Debug\SELab17.tlog\unsuccessfulbuild".
       ClCompile:
         Для всех выходных данных обновления не требуется.
       Link:
         D:\Professional\VC\Tools\MSVC\14.37.32822\bin\HostX64\x64\link.exe /ERRORREPORT:PROMPT /OUT:"D:\3 семестр\SE\17 лаба\SELab17\x64\Debug\SELab17.exe" /INCREMENTAL /ILK:"x64\Debug\SELab17.ilk" /NOLOGO kernel32.lib user32.lib gdi32.lib winspool.lib comdlg32.lib advapi32.lib shell32.lib ole32.lib oleaut32.lib uuid.lib odbc32.lib odbccp32.lib /MANIFEST /MANIFESTUAC:"level='asInvoker' uiAccess='false'" /manifest:embed /DEBUG /PDB:"D:\3 семестр\SE\17 лаба\SELab17\x64\Debug\SELab17.pdb" /SUBSYSTEM:CONSOLE /TLBID:1 /DYNAMICBASE /NXCOMPAT /IMPLIB:"D:\3 семестр\SE\17 лаба\SELab17\x64\Debug\SELab17.lib" /MACHINE:X64 x64\Debug\Error.obj
         x64\Debug\In.obj
         x64\Debug\Log.obj
         x64\Debug\Out.obj
         x64\Debug\Parm.obj
         x64\Debug\SELab17.obj
     1>SELab17.obj : error LNK2005: "struct In::IN __cdecl In::getin(wchar_t * const)" (?getin@In@@YA?AUIN@1@QEA_W@Z) уже определен в In.obj
     1>SELab17.obj : error LNK2005: "void __cdecl In::skip(char *,int)" (?skip@In@@YAXPEADH@Z) уже определен в In.obj
     1>In.obj : error LNK2019: ссылка на неразрешенный внешний символ "public: __cdecl In::IN::IN(void)" (??0IN@In@@QEAA@XZ) в функции "struct In::IN __cdecl In::getin(wchar_t * const)" (?getin@In@@YA?AUIN@1@QEA_W@Z).
     1>SELab17.obj : error LNK2001: неразрешенный внешний символ "public: __cdecl In::IN::IN(void)" (??0IN@In@@QEAA@XZ).
     1>D:\3 семестр\SE\17 лаба\SELab17\x64\Debug\SELab17.exe : fatal error LNK1120: неразрешенных внешних элементов: 1
     1>Сборка проекта "D:\3 семестр\SE\17 лаба\SELab17\SELab17\SELab17.vcxproj" завершена (целевые объекты Build) с ошибкой.

Ошибка сборки.

       "D:\3 семестр\SE\17 лаба\SELab17\SELab17\SELab17.vcxproj" (целевой объект Build ) (1) ->
       (Целевой объект Link) -> 
         SELab17.obj : error LNK2005: "struct In::IN __cdecl In::getin(wchar_t * const)" (?getin@In@@YA?AUIN@1@QEA_W@Z) уже определен в In.obj
         SELab17.obj : error LNK2005: "void __cdecl In::skip(char *,int)" (?skip@In@@YAXPEADH@Z) уже определен в In.obj
         In.obj : error LNK2019: ссылка на неразрешенный внешний символ "public: __cdecl In::IN::IN(void)" (??0IN@In@@QEAA@XZ) в функции "struct In::IN __cdecl In::getin(wchar_t * const)" (?getin@In@@YA?AUIN@1@QEA_W@Z).
         SELab17.obj : error LNK2001: неразрешенный внешний символ "public: __cdecl In::IN::IN(void)" (??0IN@In@@QEAA@XZ).
         D:\3 семестр\SE\17 лаба\SELab17\x64\Debug\SELab17.exe : fatal error LNK1120: неразрешенных внешних элементов: 1

    Предупреждений: 0
    Ошибок: 5

Прошло времени 00:00:00.39
